  main.cpp
c:\users\xxx_032\documents\visual studio 2015\projects\travelsys\travelsys\main.cpp(93): warning C4996: 'strcpy': This function or variable may be unsafe. Consider using strcpy_s instead. To disable deprecation, use _CRT_SECURE_NO_WARNINGS. See online help for details.
  c:\program files (x86)\windows kits\10\include\10.0.10240.0\ucrt\string.h(119): note: 参见“strcpy”的声明
c:\users\xxx_032\documents\visual studio 2015\projects\travelsys\travelsys\main.cpp(130): warning C4018: “>”: 有符号/无符号不匹配
c:\users\xxx_032\documents\visual studio 2015\projects\travelsys\travelsys\main.cpp(144): warning C4018: “>”: 有符号/无符号不匹配
c:\users\xxx_032\documents\visual studio 2015\projects\travelsys\travelsys\main.cpp(184): warning C4018: “>”: 有符号/无符号不匹配
c:\users\xxx_032\documents\visual studio 2015\projects\travelsys\travelsys\main.cpp(217): warning C4018: “>”: 有符号/无符号不匹配
c:\users\xxx_032\documents\visual studio 2015\projects\travelsys\travelsys\main.cpp(222): warning C4018: “<”: 有符号/无符号不匹配
c:\users\xxx_032\documents\visual studio 2015\projects\travelsys\travelsys\main.cpp(236): warning C4018: “>”: 有符号/无符号不匹配
c:\users\xxx_032\documents\visual studio 2015\projects\travelsys\travelsys\main.cpp(241): warning C4018: “<”: 有符号/无符号不匹配
c:\users\xxx_032\documents\visual studio 2015\projects\travelsys\travelsys\main.cpp(260): warning C4018: “>=”: 有符号/无符号不匹配
c:\users\xxx_032\documents\visual studio 2015\projects\travelsys\travelsys\main.cpp(295): warning C4018: “<”: 有符号/无符号不匹配
c:\users\xxx_032\documents\visual studio 2015\projects\travelsys\travelsys\main.cpp(299): warning C4018: “<”: 有符号/无符号不匹配
c:\users\xxx_032\documents\visual studio 2015\projects\travelsys\travelsys\main.cpp(300): warning C4018: “<”: 有符号/无符号不匹配
c:\users\xxx_032\documents\visual studio 2015\projects\travelsys\travelsys\main.cpp(329): warning C4018: “<”: 有符号/无符号不匹配
c:\users\xxx_032\documents\visual studio 2015\projects\travelsys\travelsys\main.cpp(420): warning C4018: “>”: 有符号/无符号不匹配
c:\users\xxx_032\documents\visual studio 2015\projects\travelsys\travelsys\main.cpp(453): warning C4018: “>”: 有符号/无符号不匹配
c:\users\xxx_032\documents\visual studio 2015\projects\travelsys\travelsys\main.cpp(458): warning C4018: “>”: 有符号/无符号不匹配
c:\users\xxx_032\documents\visual studio 2015\projects\travelsys\travelsys\main.cpp(470): warning C4996: 'scanf': This function or variable may be unsafe. Consider using scanf_s instead. To disable deprecation, use _CRT_SECURE_NO_WARNINGS. See online help for details.
  c:\program files (x86)\windows kits\10\include\10.0.10240.0\ucrt\stdio.h(1270): note: 参见“scanf”的声明
c:\users\xxx_032\documents\visual studio 2015\projects\travelsys\travelsys\main.cpp(772): warning C4244: “参数”: 从“time_t”转换到“unsigned int”，可能丢失数据
c:\users\xxx_032\documents\visual studio 2015\projects\travelsys\travelsys\main.cpp(782): warning C4244: “参数”: 从“time_t”转换到“unsigned int”，可能丢失数据
c:\users\xxx_032\documents\visual studio 2015\projects\travelsys\travelsys\main.cpp(791): warning C4244: “参数”: 从“time_t”转换到“unsigned int”，可能丢失数据
c:\users\xxx_032\documents\visual studio 2015\projects\travelsys\travelsys\main.cpp(879): warning C4018: “<”: 有符号/无符号不匹配
c:\users\xxx_032\documents\visual studio 2015\projects\travelsys\travelsys\main.cpp(923): warning C4244: “=”: 从“double”转换到“int”，可能丢失数据
c:\users\xxx_032\documents\visual studio 2015\projects\travelsys\travelsys\main.cpp(933): warning C4244: “=”: 从“double”转换到“int”，可能丢失数据
c:\users\xxx_032\documents\visual studio 2015\projects\travelsys\travelsys\main.cpp(946): warning C4244: “=”: 从“double”转换到“int”，可能丢失数据
c:\users\xxx_032\documents\visual studio 2015\projects\travelsys\travelsys\main.cpp(956): warning C4244: “=”: 从“double”转换到“int”，可能丢失数据
c:\users\xxx_032\documents\visual studio 2015\projects\travelsys\travelsys\main.cpp(965): warning C4996: 'itoa': The POSIX name for this item is deprecated. Instead, use the ISO C and C++ conformant name: _itoa. See online help for details.
  c:\program files (x86)\windows kits\10\include\10.0.10240.0\ucrt\stdlib.h(1316): note: 参见“itoa”的声明
c:\users\xxx_032\documents\visual studio 2015\projects\travelsys\travelsys\main.cpp(992): warning C4018: “>”: 有符号/无符号不匹配
c:\users\xxx_032\documents\visual studio 2015\projects\travelsys\travelsys\main.cpp(1047): warning C4996: 'itoa': The POSIX name for this item is deprecated. Instead, use the ISO C and C++ conformant name: _itoa. See online help for details.
  c:\program files (x86)\windows kits\10\include\10.0.10240.0\ucrt\stdlib.h(1316): note: 参见“itoa”的声明
c:\users\xxx_032\documents\visual studio 2015\projects\travelsys\travelsys\main.cpp(1066): warning C4018: “>”: 有符号/无符号不匹配
c:\users\xxx_032\documents\visual studio 2015\projects\travelsys\travelsys\main.cpp(1066): warning C4018: “<”: 有符号/无符号不匹配
c:\users\xxx_032\documents\visual studio 2015\projects\travelsys\travelsys\main.cpp(1067): warning C4018: “>”: 有符号/无符号不匹配
c:\users\xxx_032\documents\visual studio 2015\projects\travelsys\travelsys\main.cpp(1067): warning C4018: “<”: 有符号/无符号不匹配
c:\users\xxx_032\documents\visual studio 2015\projects\travelsys\travelsys\main.cpp(1088): warning C4018: “>”: 有符号/无符号不匹配
c:\users\xxx_032\documents\visual studio 2015\projects\travelsys\travelsys\main.cpp(1088): warning C4018: “<”: 有符号/无符号不匹配
c:\users\xxx_032\documents\visual studio 2015\projects\travelsys\travelsys\main.cpp(1137): warning C4996: 'strcpy': This function or variable may be unsafe. Consider using strcpy_s instead. To disable deprecation, use _CRT_SECURE_NO_WARNINGS. See online help for details.
  c:\program files (x86)\windows kits\10\include\10.0.10240.0\ucrt\string.h(119): note: 参见“strcpy”的声明
c:\users\xxx_032\documents\visual studio 2015\projects\travelsys\travelsys\main.cpp(1201): warning C4996: 'itoa': The POSIX name for this item is deprecated. Instead, use the ISO C and C++ conformant name: _itoa. See online help for details.
  c:\program files (x86)\windows kits\10\include\10.0.10240.0\ucrt\stdlib.h(1316): note: 参见“itoa”的声明
c:\users\xxx_032\documents\visual studio 2015\projects\travelsys\travelsys\main.cpp(1218): warning C4018: “<”: 有符号/无符号不匹配
c:\users\xxx_032\documents\visual studio 2015\projects\travelsys\travelsys\main.cpp(1225): warning C4018: “<”: 有符号/无符号不匹配
c:\users\xxx_032\documents\visual studio 2015\projects\travelsys\travelsys\main.cpp(1238): warning C4996: 'getch': The POSIX name for this item is deprecated. Instead, use the ISO C and C++ conformant name: _getch. See online help for details.
  c:\program files (x86)\windows kits\10\include\10.0.10240.0\ucrt\conio.h(452): note: 参见“getch”的声明
c:\users\xxx_032\documents\visual studio 2015\projects\travelsys\travelsys\main.cpp(1295): warning C4996: 'getch': The POSIX name for this item is deprecated. Instead, use the ISO C and C++ conformant name: _getch. See online help for details.
  c:\program files (x86)\windows kits\10\include\10.0.10240.0\ucrt\conio.h(452): note: 参见“getch”的声明
c:\users\xxx_032\documents\visual studio 2015\projects\travelsys\travelsys\main.cpp(1309): warning C4996: 'scanf': This function or variable may be unsafe. Consider using scanf_s instead. To disable deprecation, use _CRT_SECURE_NO_WARNINGS. See online help for details.
  c:\program files (x86)\windows kits\10\include\10.0.10240.0\ucrt\stdio.h(1270): note: 参见“scanf”的声明
c:\users\xxx_032\documents\visual studio 2015\projects\travelsys\travelsys\main.cpp(1314): warning C4996: 'scanf': This function or variable may be unsafe. Consider using scanf_s instead. To disable deprecation, use _CRT_SECURE_NO_WARNINGS. See online help for details.
  c:\program files (x86)\windows kits\10\include\10.0.10240.0\ucrt\stdio.h(1270): note: 参见“scanf”的声明
c:\users\xxx_032\documents\visual studio 2015\projects\travelsys\travelsys\main.cpp(1326): warning C4996: 'scanf': This function or variable may be unsafe. Consider using scanf_s instead. To disable deprecation, use _CRT_SECURE_NO_WARNINGS. See online help for details.
  c:\program files (x86)\windows kits\10\include\10.0.10240.0\ucrt\stdio.h(1270): note: 参见“scanf”的声明
c:\users\xxx_032\documents\visual studio 2015\projects\travelsys\travelsys\main.cpp(1328): warning C4996: 'scanf': This function or variable may be unsafe. Consider using scanf_s instead. To disable deprecation, use _CRT_SECURE_NO_WARNINGS. See online help for details.
  c:\program files (x86)\windows kits\10\include\10.0.10240.0\ucrt\stdio.h(1270): note: 参见“scanf”的声明
c:\users\xxx_032\documents\visual studio 2015\projects\travelsys\travelsys\main.cpp(1346): warning C4996: 'scanf': This function or variable may be unsafe. Consider using scanf_s instead. To disable deprecation, use _CRT_SECURE_NO_WARNINGS. See online help for details.
  c:\program files (x86)\windows kits\10\include\10.0.10240.0\ucrt\stdio.h(1270): note: 参见“scanf”的声明
c:\users\xxx_032\documents\visual studio 2015\projects\travelsys\travelsys\main.cpp(1358): warning C4996: 'scanf': This function or variable may be unsafe. Consider using scanf_s instead. To disable deprecation, use _CRT_SECURE_NO_WARNINGS. See online help for details.
  c:\program files (x86)\windows kits\10\include\10.0.10240.0\ucrt\stdio.h(1270): note: 参见“scanf”的声明
c:\users\xxx_032\documents\visual studio 2015\projects\travelsys\travelsys\main.cpp(1366): warning C4996: 'scanf': This function or variable may be unsafe. Consider using scanf_s instead. To disable deprecation, use _CRT_SECURE_NO_WARNINGS. See online help for details.
  c:\program files (x86)\windows kits\10\include\10.0.10240.0\ucrt\stdio.h(1270): note: 参见“scanf”的声明
  travelSys.vcxproj -> C:\Users\xxx_032\documents\visual studio 2015\Projects\travelSys\Debug\travelSys.exe
  travelSys.vcxproj -> C:\Users\xxx_032\documents\visual studio 2015\Projects\travelSys\Debug\travelSys.pdb (Full PDB)
